2019-05-29 12:11:27.909  INFO 12106 --- [main] com.infy.irs.DemoApplication             : Starting DemoApplication v0.0.1-SNAPSHOT on ip-172-31-6-92 with PID 12106 (/home/ec2-user/demo.jar started by ec2-user in /home/ec2-user)
2019-05-29 12:11:27.935  INFO 12106 --- [main] com.infy.irs.DemoApplication             : No active profile set, falling back to default profiles: default
2019-05-29 12:11:32.742  INFO 12106 --- [main] o.s.b.w.embedded.tomcat.TomcatWebServer  : Tomcat initialized with port(s): 7777 (http)
2019-05-29 12:11:32.822  INFO 12106 --- [main] o.apache.catalina.core.StandardService   : Starting service [Tomcat]
2019-05-29 12:11:32.823  INFO 12106 --- [main] org.apache.catalina.core.StandardEngine  : Starting Servlet Engine: Apache Tomcat/9.0.12
2019-05-29 12:11:32.859  INFO 12106 --- [main] o.a.catalina.core.AprLifecycleListener   : The APR based Apache Tomcat Native library which allows optimal performance in production environments was not found on the java.library.path: [/usr/java/packages/lib/amd64:/usr/lib64:/lib64:/lib:/usr/lib]
2019-05-29 12:11:34.353  INFO 12106 --- [main] org.apache.jasper.servlet.TldScanner     : At least one JAR was scanned for TLDs yet contained no TLDs. Enable debug logging for this logger for a complete list of JARs that were scanned but no TLDs were found in them. Skipping unneeded JARs during scanning can improve startup time and JSP compilation time.
2019-05-29 12:11:34.881  INFO 12106 --- [main] o.a.c.c.C.[Tomcat].[localhost].[/]       : Initializing Spring embedded WebApplicationContext
2019-05-29 12:11:34.881  INFO 12106 --- [main] o.s.web.context.ContextLoader            : Root WebApplicationContext: initialization completed in 6682 ms
2019-05-29 12:11:34.981  INFO 12106 --- [main] o.s.b.w.servlet.ServletRegistrationBean  : Servlet dispatcherServlet mapped to [/]
2019-05-29 12:11:34.999  INFO 12106 --- [main] o.s.b.w.servlet.FilterRegistrationBean   : Mapping filter: 'characterEncodingFilter' to: [/*]
2019-05-29 12:11:35.000  INFO 12106 --- [main] o.s.b.w.servlet.FilterRegistrationBean   : Mapping filter: 'hiddenHttpMethodFilter' to: [/*]
2019-05-29 12:11:35.000  INFO 12106 --- [main] o.s.b.w.servlet.FilterRegistrationBean   : Mapping filter: 'formContentFilter' to: [/*]
2019-05-29 12:11:35.002  INFO 12106 --- [main] o.s.b.w.servlet.FilterRegistrationBean   : Mapping filter: 'requestContextFilter' to: [/*]
2019-05-29 12:11:35.681  INFO 12106 --- [main] o.s.s.concurrent.ThreadPoolTaskExecutor  : Initializing ExecutorService 'applicationTaskExecutor'
2019-05-29 12:11:36.411  INFO 12106 --- [main] o.s.b.w.embedded.tomcat.TomcatWebServer  : Tomcat started on port(s): 7777 (http) with context path ''
2019-05-29 12:11:36.425  INFO 12106 --- [main] com.infy.irs.DemoApplication             : Started DemoApplication in 10.482 seconds (JVM running for 11.903)
2019-05-29 13:30:53.453  INFO 12106 --- [http-nio-7777-exec-1] o.a.c.c.C.[Tomcat].[localhost].[/]       : Initializing Spring DispatcherServlet 'dispatcherServlet'
2019-05-29 13:30:53.453  INFO 12106 --- [http-nio-7777-exec-1] o.s.web.servlet.DispatcherServlet        : Initializing Servlet 'dispatcherServlet'
2019-05-29 13:30:53.483  INFO 12106 --- [http-nio-7777-exec-1] o.s.web.servlet.DispatcherServlet        : Completed initialization in 30 ms
2019-05-29 13:31:36.889  INFO 12106 --- [Thread-4] o.s.s.concurrent.ThreadPoolTaskExecutor  : Shutting down ExecutorService 'applicationTaskExecutor'
